<?xml version="1.0" ?>
<!DOCTYPE coverage
  SYSTEM 'http://cobertura.sourceforge.net/xml/coverage-03.dtd'>
<coverage branch-rate="0.0" line-rate="0.508250825083" timestamp="1290590650235" version="3.3.1">
	<!-- Generated by coverage.py: http://nedbatchelder.com/code/coverage -->
	<packages>
		<package branch-rate="0.0" complexity="0.0" line-rate="1.0" name="thelma.tests">
			<classes>
				<class branch-rate="0.0" complexity="0.0" filename="thelma/tests/__init__.py" line-rate="1.0" name="__init__">
					<methods/>
					<lines>
						<line hits="1" number="1"/>
					</lines>
				</class>
			</classes>
		</package>
		<package branch-rate="0.0" complexity="0.0" line-rate="0.620253164557" name="thelma.tests.functional">
			<classes>
				<class branch-rate="0.0" complexity="0.0" filename="thelma/tests/functional/__init__.py" line-rate="1.0" name="__init__">
					<methods/>
					<lines>
						<line hits="1" number="1"/>
					</lines>
				</class>
				<class branch-rate="0.0" complexity="0.0" filename="thelma/tests/functional/test_gene.py" line-rate="0.555555555556" name="test_gene">
					<methods/>
					<lines>
						<line hits="1" number="1"/>
						<line hits="1" number="4"/>
						<line hits="1" number="6"/>
						<line hits="1" number="8"/>
						<line hits="1" number="9"/>
						<line hits="1" number="11"/>
						<line hits="1" number="12"/>
						<line hits="1" number="14"/>
						<line hits="1" number="15"/>
						<line hits="1" number="17"/>
						<line hits="1" number="18"/>
						<line hits="1" number="19"/>
						<line hits="1" number="20"/>
						<line hits="0" number="23"/>
						<line hits="0" number="24"/>
						<line hits="0" number="25"/>
						<line hits="0" number="26"/>
						<line hits="0" number="27"/>
						<line hits="0" number="28"/>
						<line hits="1" number="30"/>
						<line hits="1" number="33"/>
						<line hits="1" number="34"/>
						<line hits="0" number="37"/>
						<line hits="0" number="38"/>
						<line hits="0" number="39"/>
						<line hits="0" number="40"/>
						<line hits="0" number="42"/>
						<line hits="1" number="44"/>
						<line hits="1" number="45"/>
						<line hits="1" number="46"/>
						<line hits="0" number="50"/>
						<line hits="0" number="51"/>
						<line hits="0" number="52"/>
						<line hits="0" number="53"/>
						<line hits="0" number="54"/>
						<line hits="0" number="55"/>
						<line hits="1" number="57"/>
						<line hits="1" number="58"/>
						<line hits="0" number="60"/>
						<line hits="1" number="63"/>
						<line hits="1" number="64"/>
						<line hits="0" number="66"/>
						<line hits="1" number="69"/>
						<line hits="1" number="70"/>
						<line hits="0" number="72"/>
					</lines>
				</class>
				<class branch-rate="0.0" complexity="0.0" filename="thelma/tests/functional/test_moleculedesign.py" line-rate="0.537037037037" name="test_moleculedesign">
					<methods/>
					<lines>
						<line hits="1" number="1"/>
						<line hits="1" number="3"/>
						<line hits="1" number="6"/>
						<line hits="1" number="8"/>
						<line hits="1" number="10"/>
						<line hits="1" number="11"/>
						<line hits="1" number="13"/>
						<line hits="1" number="14"/>
						<line hits="1" number="16"/>
						<line hits="1" number="17"/>
						<line hits="1" number="19"/>
						<line hits="1" number="20"/>
						<line hits="1" number="21"/>
						<line hits="1" number="22"/>
						<line hits="0" number="25"/>
						<line hits="0" number="26"/>
						<line hits="0" number="27"/>
						<line hits="0" number="28"/>
						<line hits="0" number="29"/>
						<line hits="0" number="30"/>
						<line hits="1" number="32"/>
						<line hits="1" number="33"/>
						<line hits="1" number="34"/>
						<line hits="0" number="38"/>
						<line hits="0" number="39"/>
						<line hits="0" number="40"/>
						<line hits="0" number="41"/>
						<line hits="0" number="42"/>
						<line hits="0" number="43"/>
						<line hits="1" number="45"/>
						<line hits="1" number="47"/>
						<line hits="1" number="48"/>
						<line hits="0" number="52"/>
						<line hits="0" number="53"/>
						<line hits="0" number="54"/>
						<line hits="0" number="55"/>
						<line hits="1" number="57"/>
						<line hits="1" number="59"/>
						<line hits="1" number="61"/>
						<line hits="0" number="65"/>
						<line hits="0" number="66"/>
						<line hits="0" number="67"/>
						<line hits="0" number="68"/>
						<line hits="0" number="69"/>
						<line hits="0" number="70"/>
						<line hits="1" number="72"/>
						<line hits="1" number="73"/>
						<line hits="0" number="75"/>
						<line hits="1" number="78"/>
						<line hits="1" number="79"/>
						<line hits="0" number="81"/>
						<line hits="1" number="84"/>
						<line hits="1" number="85"/>
						<line hits="0" number="87"/>
					</lines>
				</class>
				<class branch-rate="0.0" complexity="0.0" filename="thelma/tests/functional/test_moleculetype.py" line-rate="0.625" name="test_moleculetype">
					<methods/>
					<lines>
						<line hits="1" number="1"/>
						<line hits="1" number="4"/>
						<line hits="1" number="6"/>
						<line hits="1" number="8"/>
						<line hits="1" number="9"/>
						<line hits="1" number="11"/>
						<line hits="1" number="12"/>
						<line hits="1" number="14"/>
						<line hits="1" number="15"/>
						<line hits="1" number="17"/>
						<line hits="1" number="18"/>
						<line hits="1" number="19"/>
						<line hits="1" number="20"/>
						<line hits="0" number="23"/>
						<line hits="0" number="24"/>
						<line hits="0" number="25"/>
						<line hits="0" number="26"/>
						<line hits="0" number="27"/>
						<line hits="0" number="28"/>
						<line hits="1" number="30"/>
						<line hits="1" number="31"/>
						<line hits="1" number="32"/>
						<line hits="0" number="35"/>
						<line hits="0" number="36"/>
						<line hits="0" number="37"/>
						<line hits="0" number="38"/>
						<line hits="1" number="40"/>
						<line hits="1" number="41"/>
						<line hits="0" number="43"/>
						<line hits="1" number="46"/>
						<line hits="1" number="47"/>
						<line hits="0" number="49"/>
					</lines>
				</class>
				<class branch-rate="0.0" complexity="0.0" filename="thelma/tests/functional/test_organization.py" line-rate="0.761904761905" name="test_organization">
					<methods/>
					<lines>
						<line hits="1" number="1"/>
						<line hits="1" number="4"/>
						<line hits="1" number="6"/>
						<line hits="1" number="8"/>
						<line hits="1" number="9"/>
						<line hits="1" number="11"/>
						<line hits="1" number="12"/>
						<line hits="1" number="14"/>
						<line hits="1" number="15"/>
						<line hits="1" number="17"/>
						<line hits="1" number="18"/>
						<line hits="1" number="19"/>
						<line hits="0" number="22"/>
						<line hits="0" number="23"/>
						<line hits="0" number="24"/>
						<line hits="0" number="25"/>
						<line hits="1" number="27"/>
						<line hits="1" number="28"/>
						<line hits="0" number="30"/>
						<line hits="1" number="33"/>
						<line hits="1" number="34"/>
					</lines>
				</class>
				<class branch-rate="0.0" complexity="0.0" filename="thelma/tests/functional/test_species.py" line-rate="0.591836734694" name="test_species">
					<methods/>
					<lines>
						<line hits="1" number="1"/>
						<line hits="1" number="4"/>
						<line hits="1" number="6"/>
						<line hits="1" number="8"/>
						<line hits="1" number="9"/>
						<line hits="1" number="11"/>
						<line hits="1" number="12"/>
						<line hits="1" number="14"/>
						<line hits="1" number="15"/>
						<line hits="1" number="17"/>
						<line hits="1" number="18"/>
						<line hits="1" number="19"/>
						<line hits="0" number="22"/>
						<line hits="0" number="23"/>
						<line hits="0" number="24"/>
						<line hits="0" number="25"/>
						<line hits="1" number="27"/>
						<line hits="1" number="28"/>
						<line hits="1" number="29"/>
						<line hits="0" number="32"/>
						<line hits="0" number="33"/>
						<line hits="0" number="34"/>
						<line hits="0" number="35"/>
						<line hits="1" number="37"/>
						<line hits="1" number="38"/>
						<line hits="1" number="39"/>
						<line hits="0" number="42"/>
						<line hits="0" number="43"/>
						<line hits="0" number="44"/>
						<line hits="0" number="45"/>
						<line hits="1" number="47"/>
						<line hits="1" number="48"/>
						<line hits="1" number="49"/>
						<line hits="0" number="52"/>
						<line hits="0" number="53"/>
						<line hits="0" number="54"/>
						<line hits="0" number="55"/>
						<line hits="1" number="57"/>
						<line hits="1" number="58"/>
						<line hits="0" number="60"/>
						<line hits="1" number="63"/>
						<line hits="1" number="64"/>
						<line hits="0" number="66"/>
						<line hits="1" number="69"/>
						<line hits="1" number="70"/>
						<line hits="0" number="72"/>
						<line hits="1" number="75"/>
						<line hits="1" number="76"/>
						<line hits="0" number="78"/>
					</lines>
				</class>
				<class branch-rate="0.0" complexity="0.0" filename="thelma/tests/functional/test_stockinfo.py" line-rate="0.771428571429" name="test_stockinfo">
					<methods/>
					<lines>
						<line hits="1" number="1"/>
						<line hits="1" number="3"/>
						<line hits="1" number="6"/>
						<line hits="1" number="8"/>
						<line hits="1" number="9"/>
						<line hits="1" number="11"/>
						<line hits="1" number="12"/>
						<line hits="1" number="14"/>
						<line hits="1" number="15"/>
						<line hits="1" number="17"/>
						<line hits="1" number="19"/>
						<line hits="1" number="25"/>
						<line hits="1" number="27"/>
						<line hits="0" number="31"/>
						<line hits="1" number="36"/>
						<line hits="1" number="38"/>
						<line hits="0" number="42"/>
						<line hits="1" number="47"/>
						<line hits="1" number="49"/>
						<line hits="0" number="53"/>
						<line hits="1" number="58"/>
						<line hits="1" number="60"/>
						<line hits="0" number="64"/>
						<line hits="1" number="69"/>
						<line hits="1" number="71"/>
						<line hits="0" number="75"/>
						<line hits="1" number="80"/>
						<line hits="1" number="82"/>
						<line hits="0" number="86"/>
						<line hits="1" number="91"/>
						<line hits="1" number="93"/>
						<line hits="0" number="97"/>
						<line hits="1" number="102"/>
						<line hits="1" number="104"/>
						<line hits="0" number="108"/>
					</lines>
				</class>
			</classes>
		</package>
		<package branch-rate="0.0" complexity="0.0" line-rate="0.0923076923077" name="thelma">
			<classes>
				<class branch-rate="0.0" complexity="0.0" filename="thelma/__init__.py" line-rate="0.0" name="__init__">
					<methods/>
					<lines>
						<line hits="0" number="1"/>
					</lines>
				</class>
				<class branch-rate="0.0" complexity="0.0" filename="thelma/testing.py" line-rate="0.09375" name="testing">
					<methods/>
					<lines>
						<line hits="0" number="7"/>
						<line hits="0" number="8"/>
						<line hits="0" number="9"/>
						<line hits="0" number="10"/>
						<line hits="0" number="11"/>
						<line hits="0" number="13"/>
						<line hits="0" number="14"/>
						<line hits="0" number="15"/>
						<line hits="0" number="18"/>
						<line hits="0" number="20"/>
						<line hits="0" number="21"/>
						<line hits="0" number="22"/>
						<line hits="0" number="23"/>
						<line hits="0" number="25"/>
						<line hits="0" number="32"/>
						<line hits="0" number="35"/>
						<line hits="0" number="46"/>
						<line hits="0" number="47"/>
						<line hits="0" number="48"/>
						<line hits="0" number="50"/>
						<line hits="0" number="52"/>
						<line hits="0" number="53"/>
						<line hits="0" number="55"/>
						<line hits="0" number="61"/>
						<line hits="0" number="63"/>
						<line hits="0" number="64"/>
						<line hits="0" number="65"/>
						<line hits="0" number="66"/>
						<line hits="0" number="67"/>
						<line hits="0" number="69"/>
						<line hits="0" number="75"/>
						<line hits="0" number="76"/>
						<line hits="0" number="77"/>
						<line hits="0" number="78"/>
						<line hits="0" number="82"/>
						<line hits="0" number="84"/>
						<line hits="0" number="86"/>
						<line hits="0" number="88"/>
						<line hits="0" number="90"/>
						<line hits="0" number="92"/>
						<line hits="0" number="94"/>
						<line hits="1" number="95"/>
						<line hits="0" number="97"/>
						<line hits="1" number="98"/>
						<line hits="0" number="100"/>
						<line hits="0" number="102"/>
						<line hits="0" number="104"/>
						<line hits="0" number="106"/>
						<line hits="0" number="109"/>
						<line hits="0" number="111"/>
						<line hits="0" number="118"/>
						<line hits="0" number="123"/>
						<line hits="0" number="125"/>
						<line hits="0" number="128"/>
						<line hits="0" number="131"/>
						<line hits="0" number="134"/>
						<line hits="0" number="137"/>
						<line hits="0" number="140"/>
						<line hits="1" number="141"/>
						<line hits="1" number="142"/>
						<line hits="0" number="144"/>
						<line hits="1" number="145"/>
						<line hits="0" number="147"/>
						<line hits="1" number="148"/>
					</lines>
				</class>
			</classes>
		</package>
	</packages>
</coverage>
